1.14361
1.16183
1.1487
1.15671
1.15419
1.14517
1.14243
1.14477
1.14085
1.13574
1.14968
1.14763
1.14511
1.14877
1.14716
1.15102
1.15002
1.14008
1.1362
1.14843
1.14155
1.14609
1.15132
1.15251
1.14532
1.14293
1.14253
1.13966
1.15652
1.15154
1.15556
1.1447
1.14121
1.1509
1.15452
1.14159
1.13204
1.13721
1.14791
1.15154
1.13398
1.1361
1.15057
1.14627
1.14437
1.13933
1.13671
1.14144
1.14521
1.15284
1.1399
1.146
1.15344
1.1508
1.13546
1.14099
1.14022
1.14027
1.14433
1.13997
1.14205
1.14624
1.14378
1.15172
1.14711
1.13913
1.14805
1.15101
1.15165
1.13705
1.15032
1.14027
1.1374
1.15197
1.14744
1.14309
1.14189
1.13929
1.13957
1.14745
1.14902
1.139
1.16046
1.15412
1.13924
1.14063
1.14138
1.13716
1.14925
1.13783
1.15037
1.15225
1.14657
1.13344
1.14423
1.13855
1.14717
1.14456
1.14492
1.13954
