-4.98395
-5.01229
-4.99197
-5.00473
-4.9993
-4.98493
-4.98319
-4.98528
-4.98113
-4.97196
-4.99315
-4.99047
-4.98631
-4.99167
-4.98885
-4.99492
-4.993
-4.97886
-4.97218
-4.99125
-4.98169
-4.98861
-4.99637
-4.99764
-4.98701
-4.98314
-4.98236
-4.97822
-5.00404
-4.99735
-5.00299
-4.98506
-4.98012
-4.99547
-5.00149
-4.98084
-4.96594
-4.974
-4.98981
-4.99491
-4.96923
-4.97235
-4.99441
-4.988
-4.98558
-4.97687
-4.97265
-4.98079
-4.98616
-4.99875
-4.97893
-4.98834
-4.99908
-4.99545
-4.97159
-4.97991
-4.97937
-4.97892
-4.98545
-4.97895
-4.9811
-4.98839
-4.98455
-4.99773
-4.99026
-4.9769
-4.99138
-4.99594
-4.99691
-4.97552
-4.9954
-4.97839
-4.97405
-4.99729
-4.98989
-4.98425
-4.98043
-4.97798
-4.97749
-4.99046
-4.99303
-4.97782
-5.00928
-4.99932
-4.97765
-4.9796
-4.98043
-4.97423
-4.99201
-4.97647
-4.99378
-4.99809
-4.98778
-4.96837
-4.98522
-4.9767
-4.9891
-4.98513
-4.98586
-4.97778
