1.71542
1.74275
1.72305
1.73506
1.73128
1.71776
1.71365
1.71715
1.71128
1.70361
1.72452
1.72145
1.71766
1.72316
1.72073
1.72654
1.72503
1.71013
1.70431
1.72265
1.71232
1.71913
1.72698
1.72876
1.71798
1.7144
1.71379
1.70949
1.73478
1.72732
1.73334
1.71706
1.71181
1.72634
1.73178
1.71238
1.69806
1.70581
1.72186
1.72732
1.70098
1.70415
1.72586
1.71941
1.71655
1.709
1.70506
1.71215
1.71782
1.72925
1.70985
1.71899
1.73017
1.7262
1.70319
1.71148
1.71032
1.7104
1.7165
1.70996
1.71308
1.71935
1.71567
1.72758
1.72067
1.7087
1.72207
1.72652
1.72748
1.70557
1.72548
1.7104
1.7061
1.72795
1.72116
1.71463
1.71284
1.70893
1.70936
1.72117
1.72353
1.7085
1.74069
1.73118
1.70886
1.71094
1.71207
1.70574
1.72387
1.70674
1.72555
1.72837
1.71986
1.70016
1.71635
1.70783
1.72076
1.71684
1.71738
1.70932
