-3.26853
-3.26954
-3.26893
-3.26967
-3.26802
-3.26717
-3.26953
-3.26813
-3.26985
-3.26835
-3.26863
-3.26903
-3.26864
-3.26851
-3.26812
-3.26839
-3.26797
-3.26873
-3.26788
-3.2686
-3.26938
-3.26948
-3.26939
-3.26888
-3.26903
-3.26874
-3.26857
-3.26873
-3.26926
-3.27003
-3.26965
-3.26801
-3.26831
-3.26912
-3.26971
-3.26846
-3.26788
-3.26819
-3.26795
-3.26759
-3.26825
-3.2682
-3.26855
-3.26859
-3.26903
-3.26787
-3.26758
-3.26864
-3.26834
-3.26949
-3.26908
-3.26934
-3.26892
-3.26926
-3.2684
-3.26842
-3.26905
-3.26851
-3.26895
-3.26899
-3.26802
-3.26904
-3.26889
-3.27015
-3.26958
-3.2682
-3.26931
-3.26942
-3.26944
-3.26994
-3.26992
-3.26799
-3.26795
-3.26934
-3.26873
-3.26962
-3.26759
-3.26905
-3.26812
-3.26929
-3.2695
-3.26931
-3.26859
-3.26814
-3.26878
-3.26866
-3.26836
-3.26849
-3.26814
-3.26973
-3.26823
-3.26972
-3.26792
-3.2682
-3.26887
-3.26887
-3.26835
-3.26828
-3.26848
-3.26847
