1.75465
1.75196
1.72961
1.73219
1.69558
1.7428
1.73422
1.75815
1.769
1.76623
1.78255
1.78332
1.75079
1.76803
1.75971
1.76304
1.77082
1.8003
1.74661
1.73934
1.78403
1.83647
1.8103
1.79206
1.81209
1.84051
1.79353
1.76631
1.77746
1.86439
1.79732
1.80689
1.79164
1.81235
1.76729
1.80267
1.80307
1.81002
1.77886
1.76705
1.74969
1.75253
1.75889
1.79816
1.75784
1.77498
1.79006
1.83017
1.80479
1.79144
1.73923
1.74956
1.74768
1.78384
1.80517
1.80918
1.83423
1.76191
1.78583
1.85072
1.77338
1.77144
1.77044
1.7641
1.76275
1.81572
1.74005
1.77309
1.81002
1.82708
1.82462
1.77226
1.80107
1.79027
1.78572
1.80689
1.78769
1.7841
1.79935
1.77713
1.74829
1.83326
1.83311
1.77981
1.78525
1.75395
1.76258
1.72615
1.76236
1.79145
1.76332
1.84404
1.80615
1.81731
1.78201
1.79309
1.78107
1.79113
1.82435
1.75541
