1.37893
1.37903
1.37894
1.379
1.37902
1.37893
1.37901
1.37897
1.37903
1.379
1.37904
1.37903
1.37898
1.37902
1.37891
1.37903
1.379
1.37895
1.37898
1.37902
1.37889
1.37882
1.37893
1.37895
1.37885
1.37902
1.37899
1.37894
1.37884
1.37894
1.37882
1.37888
1.37901
1.3788
1.37892
1.379
1.37879
1.37888
1.37896
1.37895
1.37892
1.37899
1.37898
1.37893
1.37898
1.37899
1.37897
1.37898
1.37896
1.37898
1.37896
1.37902
1.37894
1.37897
1.37889
1.37887
1.3789
1.37906
1.37896
1.37889
1.37878
1.37892
1.37897
1.37902
1.37901
1.37895
1.37905
1.37889
1.37884
1.37883
1.37895
1.37895
1.37895
1.37901
1.37881
1.37892
1.37902
1.37899
1.3789
1.37889
1.37901
1.37896
1.37885
1.37884
1.37895
1.37892
1.37888
1.37901
1.37901
1.37897
1.37901
1.37898
1.37897
1.3789
1.37895
1.37896
1.37891
1.37897
1.37877
1.37897
