1.16977
1.16797
1.15307
1.15479
1.13039
1.16187
1.15615
1.1721
1.17933
1.17748
1.18836
1.18888
1.16719
1.17869
1.17314
1.17536
1.18055
1.2002
1.16441
1.15956
1.18935
1.22432
1.20686
1.19471
1.20806
1.22701
1.19569
1.17754
1.18497
1.24293
1.19821
1.20459
1.19443
1.20823
1.17819
1.20178
1.20205
1.20668
1.18591
1.17803
1.16646
1.16836
1.17259
1.19878
1.17189
1.18332
1.19337
1.22011
1.20319
1.1943
1.15949
1.16637
1.16512
1.18922
1.20344
1.20612
1.22282
1.17461
1.19055
1.23381
1.18225
1.18096
1.1803
1.17607
1.17516
1.21048
1.16003
1.18206
1.20668
1.21805
1.21641
1.18151
1.20071
1.19351
1.19048
1.20459
1.19179
1.1894
1.19957
1.18475
1.16553
1.22217
1.22207
1.18654
1.19017
1.1693
1.17506
1.15077
1.1749
1.1943
1.17555
1.22936
1.2041
1.21154
1.18801
1.19539
1.18738
1.19409
1.21623
1.17027
