-0.375717
-0.372928
-0.350667
-0.353189
-0.316562
-0.363873
-0.355212
-0.379182
-0.389971
-0.387231
-0.403509
-0.40429
-0.371801
-0.389005
-0.380798
-0.384013
-0.391818
-0.421344
-0.367632
-0.360319
-0.40514
-0.457648
-0.431361
-0.413109
-0.433244
-0.461491
-0.414533
-0.387378
-0.398623
-0.485455
-0.418495
-0.428003
-0.412632
-0.433548
-0.388372
-0.423667
-0.42428
-0.431139
-0.3999
-0.388096
-0.370765
-0.373547
-0.379907
-0.41923
-0.378858
-0.395991
-0.41109
-0.451182
-0.425824
-0.412462
-0.360273
-0.370539
-0.368744
-0.404867
-0.426276
-0.430305
-0.455331
-0.382849
-0.406868
-0.471826
-0.394603
-0.392526
-0.391473
-0.385085
-0.383731
-0.436777
-0.360998
-0.394196
-0.431178
-0.448247
-0.445673
-0.393309
-0.422113
-0.411257
-0.406903
-0.427973
-0.40867
-0.405104
-0.420448
-0.398237
-0.369282
-0.454302
-0.454256
-0.400972
-0.406298
-0.375032
-0.383702
-0.347136
-0.383348
-0.412485
-0.384307
-0.465055
-0.427177
-0.438411
-0.403062
-0.41413
-0.40216
-0.412163
-0.445573
-0.376437
